<?xml version="1.0" encoding="UTF-8"?>
<!-- Generated by org.testng.reporters.JUnitReportReporter -->
<testsuite hostname="imran-PC" name="test.BusinessPriceTest" tests="2" failures="0" timestamp="21 Mar 2016 23:00:36 GMT" time="33.501" errors="0">
  <testcase name="negativeBusinessPriceCalculation" time="16.779" classname="test.BusinessPriceTest"/>
  <testcase name="businessPriceCalculation" time="16.722" classname="test.BusinessPriceTest"/>
</testsuite> <!-- test.BusinessPriceTest -->
