<?xml version="1.0" encoding="UTF-8"?>
<!-- Generated by org.testng.reporters.JUnitReportReporter -->
<testsuite hostname="imran-PC" name="test.TestThreeTraking" tests="2" failures="0" timestamp="21 Apr 2016 19:26:18 GMT" time="12.683" errors="0">
  <testcase name="TrakingPackagetest" time="5.113" classname="test.TestThreeTraking"/>
  <testcase name="InvalidTrakingPackagetest" time="7.570" classname="test.TestThreeTraking"/>
</testsuite> <!-- test.TestThreeTraking -->
