<?xml version="1.0" encoding="UTF-8"?>
<!-- Generated by org.testng.reporters.JUnitReportReporter -->
<testsuite hostname="imran-PC" name="test.BuyStampsTest" tests="1" failures="0" timestamp="19 Mar 2016 20:39:35 GMT" time="56.102" errors="0">
  <testcase name="stampFromPostalStore" time="56.102" classname="test.BuyStampsTest"/>
</testsuite> <!-- test.BuyStampsTest -->
