<?xml version="1.0" encoding="UTF-8"?>
<!-- Generated by org.testng.reporters.JUnitReportReporter -->
<testsuite hostname="imran-PC" name="test.createLabelTest" tests="1" failures="0" timestamp="23 Mar 2016 06:14:03 GMT" time="42.515" errors="0">
  <testcase name="usingAddressBookCreateLabel" time="42.515" classname="test.createLabelTest"/>
</testsuite> <!-- test.createLabelTest -->
