<?xml version="1.0" encoding="UTF-8"?>
<!-- Generated by org.testng.reporters.JUnitReportReporter -->
<testsuite hostname="imran-PC" name="test.GetEsimatePrice" tests="1" failures="0" timestamp="23 Mar 2016 04:05:50 GMT" time="19.171" errors="0">
  <testcase name="calculatePrice" time="19.171" classname="test.GetEsimatePrice"/>
</testsuite> <!-- test.GetEsimatePrice -->
