<?xml version="1.0" encoding="UTF-8"?>
<!-- Generated by org.testng.reporters.JUnitReportReporter -->
<testsuite hostname="imran-PC" name="test.TestTwoLogIn" tests="4" failures="0" timestamp="27 Sep 2016 22:39:46 GMT" time="9.644" errors="0">
  <testcase name="invalidSignInEmptyPassField" time="4.225" classname="test.TestTwoLogIn"/>
  <testcase name="invalidSignMinCharField" time="0.485" classname="test.TestTwoLogIn"/>
  <testcase name="invalidSignWrongPass" time="4.353" classname="test.TestTwoLogIn"/>
  <testcase name="signInTest" time="0.581" classname="test.TestTwoLogIn"/>
</testsuite> <!-- test.TestTwoLogIn -->
