<?xml version="1.0" encoding="UTF-8"?>
<!-- Generated by org.testng.reporters.JUnitReportReporter -->
<testsuite hostname="imran-PC" name="test.FinduspsLoactionTest" tests="1" failures="1" timestamp="14 Jul 2016 19:29:59 GMT" time="0.004" errors="0">
  <testcase name="uspsLocation" time="0.004" classname="test.FinduspsLoactionTest">
    <failure type="org.openqa.selenium.WebDriverException" message="Failed to connect to binary FirefoxBinary(C:\Program Files (x86)\Mozilla Firefox\firefox.exe) on port 7055; process output follows: 
RL&quot;:null},&quot;visible&quot;:true,&quot;active&quot;:false,&quot;userDisabled&quot;:true,&quot;appDisabled&quot;:false,&quot;descriptor&quot;:&quot;C:\\ProgramData\\Norton\\{0C55C096-0F1D-4F28-AAA2-85EF591126E7}\\NS_22.5.0.124\\coFFAddon&quot;,&quot;installDate&quot;:1467926719083,&quot;updateDate&quot;:1467926719083,&quot;applyBackgroundUpdates&quot;:1,&quot;bootstrap&quot;:true,&quot;skinnable&quot;:false,&quot;size&quot;:2178739,&quot;sourceURI&quot;:null,&quot;releaseNotesURI&quot;:null,&quot;softDisabled&quot;:false,&quot;foreignInstall&quot;:true,&quot;hasBinaryComponents&quot;:false,&quot;strictCompatibility&quot;:false,&quot;locales&quot;:[],&quot;targetApplications&quot;:[{&quot;id&quot;:&quot;{ec8030f7-c20a-464f-9b0e-13a3a9e97384}&quot;,&quot;minVersion&quot;:&quot;38.0a1&quot;,&quot;maxVersion&quot;:&quot;*&quot;}],&quot;targetPlatforms&quot;:[],&quot;multiprocessCompatible&quot;:false,&quot;signedState&quot;:2,&quot;seen&quot;:true}
1468524551942	DeferredSave.extensions.json	DEBUG	Save changes
1468524551942	addons.xpi	DEBUG	Updating database with changes to installed add-ons
1468524551942	addons.xpi-utils	DEBUG	Updating add-on states
1468524551944	addons.xpi-utils	DEBUG	Writing add-ons list
1468524551951	addons.xpi	DEBUG	Registering manifest for C:\Program Files (x86)\Mozilla Firefox\browser\features\e10srollout@mozilla.org.xpi
1468524551953	addons.xpi	DEBUG	Calling bootstrap method startup on e10srollout@mozilla.org version 1.0
1468524551953	addons.xpi	DEBUG	Registering manifest for C:\Program Files (x86)\Mozilla Firefox\browser\features\firefox@getpocket.com.xpi
1468524551955	addons.xpi	DEBUG	Calling bootstrap method startup on firefox@getpocket.com version 1.0.2
1468524551958	addons.xpi	DEBUG	Registering manifest for C:\Program Files (x86)\Mozilla Firefox\browser\features\loop@mozilla.org.xpi
1468524551960	addons.xpi	DEBUG	Calling bootstrap method startup on loop@mozilla.org version 1.3.2
1468524552010	addons.xpi	DEBUG	Registering manifest for C:\Program Files (x86)\Mozilla Firefox\browser\extensions\{82AF8DCA-6DE9-405D-BD5E-43525BDAD38A}.xpi
1468524552011	addons.xpi	DEBUG	Calling bootstrap method startup on {82AF8DCA-6DE9-405D-BD5E-43525BDAD38A} version 8.3.0.9150
1468524552016	addons.manager	DEBUG	Registering shutdown blocker for XPIProvider
1468524552017	addons.manager	DEBUG	Provider finished startup: XPIProvider
1468524552017	addons.manager	DEBUG	Starting provider: LightweightThemeManager
1468524552017	addons.manager	DEBUG	Registering shutdown blocker for LightweightThemeManager
1468524552018	addons.manager	DEBUG	Provider finished startup: LightweightThemeManager
1468524552019	addons.manager	DEBUG	Starting provider: GMPProvider
1468524552041	addons.manager	DEBUG	Registering shutdown blocker for GMPProvider
1468524552041	addons.manager	DEBUG	Provider finished startup: GMPProvider
1468524552042	addons.manager	DEBUG	Starting provider: PluginProvider
1468524552042	addons.manager	DEBUG	Registering shutdown blocker for PluginProvider
1468524552043	addons.manager	DEBUG	Provider finished startup: PluginProvider
1468524552044	addons.manager	DEBUG	Completed startup sequence
1468524554726	DeferredSave.extensions.json	DEBUG	Starting timer
1468524554756	addons.manager	DEBUG	Starting provider: &lt;unnamed-provider&gt;
1468524554756	addons.manager	DEBUG	Registering shutdown blocker for &lt;unnamed-provider&gt;
1468524554757	addons.manager	DEBUG	Provider finished startup: &lt;unnamed-provider&gt;
JavaScript warning: resource://gre/modules/commonjs/toolkit/loader.js -&gt; resource://gre/modules/commonjs/sdk/system/environment.js, line 15: Proxy.create and Proxy.createFunction are deprecated, use new Proxy instead
1468524555251	DeferredSave.extensions.json	DEBUG	Starting write
1468524555424	addons.repository	DEBUG	No addons.json found.
1468524555425	DeferredSave.addons.json	DEBUG	Save changes
1468524555431	DeferredSave.addons.json	DEBUG	Starting timer
1468524555519	addons.manager	DEBUG	Starting provider: PreviousExperimentProvider
1468524555519	addons.manager	DEBUG	Registering shutdown blocker for PreviousExperimentProvider
1468524555520	addons.manager	DEBUG	Provider finished startup: PreviousExperimentProvider
1468524555567	DeferredSave.addons.json	DEBUG	Starting write
1468524555594	DeferredSave.extensions.json	DEBUG	Write succeeded
1468524555987	DeferredSave.addons.json	DEBUG	Write succeeded

Build info: version: &#039;2.48.2&#039;, revision: &#039;41bccdd&#039;, time: &#039;2015-10-09 19:59:12&#039;
System info: host: &#039;imran-PC&#039;, ip: &#039;192.168.29.138&#039;, os.name: &#039;Windows 7&#039;, os.arch: &#039;amd64&#039;, os.version: &#039;6.1&#039;, java.version: &#039;1.8.0_66&#039;
Driver info: driver.version: WebDriver">
      <![CDATA[org.openqa.selenium.WebDriverException: Failed to connect to binary FirefoxBinary(C:\Program Files (x86)\Mozilla Firefox\firefox.exe) on port 7055; process output follows: 
RL":null},"visible":true,"active":false,"userDisabled":true,"appDisabled":false,"descriptor":"C:\\ProgramData\\Norton\\{0C55C096-0F1D-4F28-AAA2-85EF591126E7}\\NS_22.5.0.124\\coFFAddon","installDate":1467926719083,"updateDate":1467926719083,"applyBackgroundUpdates":1,"bootstrap":true,"skinnable":false,"size":2178739,"sourceURI":null,"releaseNotesURI":null,"softDisabled":false,"foreignInstall":true,"hasBinaryComponents":false,"strictCompatibility":false,"locales":[],"targetApplications":[{"id":"{ec8030f7-c20a-464f-9b0e-13a3a9e97384}","minVersion":"38.0a1","maxVersion":"*"}],"targetPlatforms":[],"multiprocessCompatible":false,"signedState":2,"seen":true}
1468524551942	DeferredSave.extensions.json	DEBUG	Save changes
1468524551942	addons.xpi	DEBUG	Updating database with changes to installed add-ons
1468524551942	addons.xpi-utils	DEBUG	Updating add-on states
1468524551944	addons.xpi-utils	DEBUG	Writing add-ons list
1468524551951	addons.xpi	DEBUG	Registering manifest for C:\Program Files (x86)\Mozilla Firefox\browser\features\e10srollout@mozilla.org.xpi
1468524551953	addons.xpi	DEBUG	Calling bootstrap method startup on e10srollout@mozilla.org version 1.0
1468524551953	addons.xpi	DEBUG	Registering manifest for C:\Program Files (x86)\Mozilla Firefox\browser\features\firefox@getpocket.com.xpi
1468524551955	addons.xpi	DEBUG	Calling bootstrap method startup on firefox@getpocket.com version 1.0.2
1468524551958	addons.xpi	DEBUG	Registering manifest for C:\Program Files (x86)\Mozilla Firefox\browser\features\loop@mozilla.org.xpi
1468524551960	addons.xpi	DEBUG	Calling bootstrap method startup on loop@mozilla.org version 1.3.2
1468524552010	addons.xpi	DEBUG	Registering manifest for C:\Program Files (x86)\Mozilla Firefox\browser\extensions\{82AF8DCA-6DE9-405D-BD5E-43525BDAD38A}.xpi
1468524552011	addons.xpi	DEBUG	Calling bootstrap method startup on {82AF8DCA-6DE9-405D-BD5E-43525BDAD38A} version 8.3.0.9150
1468524552016	addons.manager	DEBUG	Registering shutdown blocker for XPIProvider
1468524552017	addons.manager	DEBUG	Provider finished startup: XPIProvider
1468524552017	addons.manager	DEBUG	Starting provider: LightweightThemeManager
1468524552017	addons.manager	DEBUG	Registering shutdown blocker for LightweightThemeManager
1468524552018	addons.manager	DEBUG	Provider finished startup: LightweightThemeManager
1468524552019	addons.manager	DEBUG	Starting provider: GMPProvider
1468524552041	addons.manager	DEBUG	Registering shutdown blocker for GMPProvider
1468524552041	addons.manager	DEBUG	Provider finished startup: GMPProvider
1468524552042	addons.manager	DEBUG	Starting provider: PluginProvider
1468524552042	addons.manager	DEBUG	Registering shutdown blocker for PluginProvider
1468524552043	addons.manager	DEBUG	Provider finished startup: PluginProvider
1468524552044	addons.manager	DEBUG	Completed startup sequence
1468524554726	DeferredSave.extensions.json	DEBUG	Starting timer
1468524554756	addons.manager	DEBUG	Starting provider: <unnamed-provider>
1468524554756	addons.manager	DEBUG	Registering shutdown blocker for <unnamed-provider>
1468524554757	addons.manager	DEBUG	Provider finished startup: <unnamed-provider>
JavaScript warning: resource://gre/modules/commonjs/toolkit/loader.js -> resource://gre/modules/commonjs/sdk/system/environment.js, line 15: Proxy.create and Proxy.createFunction are deprecated, use new Proxy instead
1468524555251	DeferredSave.extensions.json	DEBUG	Starting write
1468524555424	addons.repository	DEBUG	No addons.json found.
1468524555425	DeferredSave.addons.json	DEBUG	Save changes
1468524555431	DeferredSave.addons.json	DEBUG	Starting timer
1468524555519	addons.manager	DEBUG	Starting provider: PreviousExperimentProvider
1468524555519	addons.manager	DEBUG	Registering shutdown blocker for PreviousExperimentProvider
1468524555520	addons.manager	DEBUG	Provider finished startup: PreviousExperimentProvider
1468524555567	DeferredSave.addons.json	DEBUG	Starting write
1468524555594	DeferredSave.extensions.json	DEBUG	Write succeeded
1468524555987	DeferredSave.addons.json	DEBUG	Write succeeded

Build info: version: '2.48.2', revision: '41bccdd', time: '2015-10-09 19:59:12'
System info: host: 'imran-PC', ip: '192.168.29.138', os.name: 'Windows 7', os.arch: 'amd64', os.version: '6.1', java.version: '1.8.0_66'
Driver info: driver.version: WebDriver
	at org.openqa.selenium.firefox.internal.NewProfileExtensionConnection.start(NewProfileExtensionConnection.java:134)
	at org.openqa.selenium.firefox.FirefoxDriver.startClient(FirefoxDriver.java:271)
	at org.openqa.selenium.remote.RemoteWebDriver.<init>(RemoteWebDriver.java:117)
	at org.openqa.selenium.firefox.FirefoxDriver.<init>(FirefoxDriver.java:218)
	at org.openqa.selenium.firefox.FirefoxDriver.<init>(FirefoxDriver.java:211)
	at org.openqa.selenium.firefox.FirefoxDriver.<init>(FirefoxDriver.java:207)
	at org.openqa.selenium.firefox.FirefoxDriver.<init>(FirefoxDriver.java:120)
	at base.WebDriver.setWebDriver(WebDriver.java:15)
	at base.TestBase.testSetup(TestBase.java:33)
	at sun.reflect.NativeMethodAccessorImpl.invoke0(Native Method)
	at sun.reflect.NativeMethodAccessorImpl.invoke(Unknown Source)
	at sun.reflect.DelegatingMethodAccessorImpl.invoke(Unknown Source)
	at java.lang.reflect.Method.invoke(Unknown Source)
	at org.testng.internal.MethodInvocationHelper.invokeMethod(MethodInvocationHelper.java:84)
	at org.testng.internal.Invoker.invokeConfigurationMethod(Invoker.java:564)
	at org.testng.internal.Invoker.invokeConfigurations(Invoker.java:213)
	at org.testng.internal.Invoker.invokeConfigurations(Invoker.java:138)
	at org.testng.internal.TestMethodWorker.invokeBeforeClassMethods(TestMethodWorker.java:175)
	at org.testng.internal.TestMethodWorker.run(TestMethodWorker.java:107)
	at org.testng.TestRunner.privateRun(TestRunner.java:767)
	at org.testng.TestRunner.run(TestRunner.java:617)
	at org.testng.SuiteRunner.runTest(SuiteRunner.java:334)
	at org.testng.SuiteRunner.runSequentially(SuiteRunner.java:329)
	at org.testng.SuiteRunner.privateRun(SuiteRunner.java:291)
	at org.testng.SuiteRunner.run(SuiteRunner.java:240)
	at org.testng.SuiteRunnerWorker.runSuite(SuiteRunnerWorker.java:52)
	at org.testng.SuiteRunnerWorker.run(SuiteRunnerWorker.java:86)
	at org.testng.TestNG.runSuitesSequentially(TestNG.java:1224)
	at org.testng.TestNG.runSuitesLocally(TestNG.java:1149)
	at org.testng.TestNG.run(TestNG.java:1057)
	at org.testng.remote.RemoteTestNG.run(RemoteTestNG.java:111)
	at org.testng.remote.RemoteTestNG.initAndRun(RemoteTestNG.java:204)
	at org.testng.remote.RemoteTestNG.main(RemoteTestNG.java:175)
Caused by: org.openqa.selenium.firefox.NotConnectedException: Unable to connect to host 127.0.0.1 on port 7055 after 45000 ms. Firefox console output:
RL":null},"visible":true,"active":false,"userDisabled":true,"appDisabled":false,"descriptor":"C:\\ProgramData\\Norton\\{0C55C096-0F1D-4F28-AAA2-85EF591126E7}\\NS_22.5.0.124\\coFFAddon","installDate":1467926719083,"updateDate":1467926719083,"applyBackgroundUpdates":1,"bootstrap":true,"skinnable":false,"size":2178739,"sourceURI":null,"releaseNotesURI":null,"softDisabled":false,"foreignInstall":true,"hasBinaryComponents":false,"strictCompatibility":false,"locales":[],"targetApplications":[{"id":"{ec8030f7-c20a-464f-9b0e-13a3a9e97384}","minVersion":"38.0a1","maxVersion":"*"}],"targetPlatforms":[],"multiprocessCompatible":false,"signedState":2,"seen":true}
1468524551942	DeferredSave.extensions.json	DEBUG	Save changes
1468524551942	addons.xpi	DEBUG	Updating database with changes to installed add-ons
1468524551942	addons.xpi-utils	DEBUG	Updating add-on states
1468524551944	addons.xpi-utils	DEBUG	Writing add-ons list
1468524551951	addons.xpi	DEBUG	Registering manifest for C:\Program Files (x86)\Mozilla Firefox\browser\features\e10srollout@mozilla.org.xpi
1468524551953	addons.xpi	DEBUG	Calling bootstrap method startup on e10srollout@mozilla.org version 1.0
1468524551953	addons.xpi	DEBUG	Registering manifest for C:\Program Files (x86)\Mozilla Firefox\browser\features\firefox@getpocket.com.xpi
1468524551955	addons.xpi	DEBUG	Calling bootstrap method startup on firefox@getpocket.com version 1.0.2
1468524551958	addons.xpi	DEBUG	Registering manifest for C:\Program Files (x86)\Mozilla Firefox\browser\features\loop@mozilla.org.xpi
1468524551960	addons.xpi	DEBUG	Calling bootstrap method startup on loop@mozilla.org version 1.3.2
1468524552010	addons.xpi	DEBUG	Registering manifest for C:\Program Files (x86)\Mozilla Firefox\browser\extensions\{82AF8DCA-6DE9-405D-BD5E-43525BDAD38A}.xpi
1468524552011	addons.xpi	DEBUG	Calling bootstrap method startup on {82AF8DCA-6DE9-405D-BD5E-43525BDAD38A} version 8.3.0.9150
1468524552016	addons.manager	DEBUG	Registering shutdown blocker for XPIProvider
1468524552017	addons.manager	DEBUG	Provider finished startup: XPIProvider
1468524552017	addons.manager	DEBUG	Starting provider: LightweightThemeManager
1468524552017	addons.manager	DEBUG	Registering shutdown blocker for LightweightThemeManager
1468524552018	addons.manager	DEBUG	Provider finished startup: LightweightThemeManager
1468524552019	addons.manager	DEBUG	Starting provider: GMPProvider
1468524552041	addons.manager	DEBUG	Registering shutdown blocker for GMPProvider
1468524552041	addons.manager	DEBUG	Provider finished startup: GMPProvider
1468524552042	addons.manager	DEBUG	Starting provider: PluginProvider
1468524552042	addons.manager	DEBUG	Registering shutdown blocker for PluginProvider
1468524552043	addons.manager	DEBUG	Provider finished startup: PluginProvider
1468524552044	addons.manager	DEBUG	Completed startup sequence
1468524554726	DeferredSave.extensions.json	DEBUG	Starting timer
1468524554756	addons.manager	DEBUG	Starting provider: <unnamed-provider>
1468524554756	addons.manager	DEBUG	Registering shutdown blocker for <unnamed-provider>
1468524554757	addons.manager	DEBUG	Provider finished startup: <unnamed-provider>
JavaScript warning: resource://gre/modules/commonjs/toolkit/loader.js -> resource://gre/modules/commonjs/sdk/system/environment.js, line 15: Proxy.create and Proxy.createFunction are deprecated, use new Proxy instead
1468524555251	DeferredSave.extensions.json	DEBUG	Starting write
1468524555424	addons.repository	DEBUG	No addons.json found.
1468524555425	DeferredSave.addons.json	DEBUG	Save changes
1468524555431	DeferredSave.addons.json	DEBUG	Starting timer
1468524555519	addons.manager	DEBUG	Starting provider: PreviousExperimentProvider
1468524555519	addons.manager	DEBUG	Registering shutdown blocker for PreviousExperimentProvider
1468524555520	addons.manager	DEBUG	Provider finished startup: PreviousExperimentProvider
1468524555567	DeferredSave.addons.json	DEBUG	Starting write
1468524555594	DeferredSave.extensions.json	DEBUG	Write succeeded
1468524555987	DeferredSave.addons.json	DEBUG	Write succeeded

	at org.openqa.selenium.firefox.internal.NewProfileExtensionConnection.start(NewProfileExtensionConnection.java:122)
	... 32 more
]]>
    </failure>
  </testcase> <!-- uspsLocation -->
</testsuite> <!-- test.FinduspsLoactionTest -->
