<?xml version="1.0" encoding="UTF-8"?>
<!-- Generated by org.testng.reporters.JUnitReportReporter -->
<testsuite hostname="imran-PC" name="test.FindZipByAddress" tests="2" failures="0" timestamp="14 Mar 2016 18:47:18 GMT" time="21.706" errors="0">
  <testcase name="byInvalidAddress" time="14.621" classname="test.FindZipByAddress"/>
  <testcase name="byvalidAddress" time="7.085" classname="test.FindZipByAddress"/>
</testsuite> <!-- test.FindZipByAddress -->
